<?xml version='1.0'?>
<ns2:test-suite xmlns:ns2='urn:model.allure.qatools.yandex.ru' start='1647252727079' stop='1647252766737'>
    <name>Default Suite</name>
    <title>Default Suite</title>
    <test-cases>
        <test-case start='1647252727080' status='broken' stop='1647252735799'>
            <name>test-2</name>
            <title>test-2</title>
            <labels>
                <label name='language' value='javascript'/>
                <label name='framework' value='wdio'/>
                <label name='thread' value='0-0'/>
                <label name='language' value='javascript'/>
                <label name='framework' value='wdio'/>
                <label name='thread' value='0-0'/>
                <label name='language' value='javascript'/>
                <label name='framework' value='wdio'/>
                <label name='thread' value='0-0'/>
            </labels>
            <parameters>
                <parameter kind='argument' name='browser' value='chrome-99.0.4844.51'/>
                <parameter kind='argument' name='browser' value='chrome-99.0.4844.51'/>
                <parameter kind='argument' name='browser' value='chrome-99.0.4844.51'/>
            </parameters>
            <steps>
                <step start='1647252735608' status='passed' stop='1647252735736'>
                    <name>GET /session/:sessionId/screenshot</name>
                    <title>GET /session/:sessionId/screenshot</title>
                    <attachments>
                        <attachment title='Screenshot' source='41b193a0-c7ea-4ecc-ad0f-14ad3dab4356-attachment.png' type='image/png' size='6108'/>
                    </attachments>
                    <steps/>
                </step>
            </steps>
            <attachments/>
            <failure>
                <message>element click intercepted: Element &lt;input _ngcontent-nij-c150="" type="text" autocomplete="off" class="search-input ng-tns-c150-3 ng-untouched ng-pristine ng-valid" placeholder="Hae" tabindex="0" aria-label="Hae"> is not clickable at point (387, 100). Other element would receive the click: &lt;div class="coi-banner__summary">...&lt;/div>
                  (Session info: chrome=99.0.4844.51)</message>
                <stack-trace>ElementClickInterceptedError: element click intercepted: Element &lt;input _ngcontent-nij-c150="" type="text" autocomplete="off" class="search-input ng-tns-c150-3 ng-untouched ng-pristine ng-valid" placeholder="Hae" tabindex="0" aria-label="Hae"> is not clickable at point (387, 100). Other element would receive the click: &lt;div class="coi-banner__summary">...&lt;/div>
                  (Session info: chrome=99.0.4844.51)
                    at Object.throwDecodedError (C:\Users\Asus\wedriverio-test\node_modules\selenium-webdriver\lib\error.js:522:15)
                    at parseHttpResponse (C:\Users\Asus\wedriverio-test\node_modules\selenium-webdriver\lib\http.js:548:13)
                    at Executor.execute (C:\Users\Asus\wedriverio-test\node_modules\selenium-webdriver\lib\http.js:474:28)
                    at processTicksAndRejections (node:internal/process/task_queues:96:5)
                    at async Driver.execute (C:\Users\Asus\wedriverio-test\node_modules\selenium-webdriver\lib\webdriver.js:735:17)
                    at async Context.&lt;anonymous> (C:\Users\Asus\wedriverio-test\test\specs\test2.spec.js:19:5)</stack-trace>
            </failure>
        </test-case>
        <test-case start='1647252735800' status='broken' stop='1647252744279'>
            <name>test-1</name>
            <title>test-1</title>
            <labels>
                <label name='language' value='javascript'/>
                <label name='framework' value='wdio'/>
                <label name='thread' value='0-0'/>
                <label name='language' value='javascript'/>
                <label name='framework' value='wdio'/>
                <label name='thread' value='0-0'/>
                <label name='language' value='javascript'/>
                <label name='framework' value='wdio'/>
                <label name='thread' value='0-0'/>
            </labels>
            <parameters>
                <parameter kind='argument' name='browser' value='chrome-99.0.4844.51'/>
                <parameter kind='argument' name='browser' value='chrome-99.0.4844.51'/>
                <parameter kind='argument' name='browser' value='chrome-99.0.4844.51'/>
            </parameters>
            <steps>
                <step start='1647252744071' status='passed' stop='1647252744189'>
                    <name>GET /session/:sessionId/screenshot</name>
                    <title>GET /session/:sessionId/screenshot</title>
                    <attachments>
                        <attachment title='Screenshot' source='c054b8c2-75eb-46e2-a766-5f1be7fb4f54-attachment.png' type='image/png' size='6108'/>
                    </attachments>
                    <steps/>
                </step>
            </steps>
            <attachments/>
            <failure>
                <message>element click intercepted: Element &lt;input _ngcontent-tyb-c150="" type="text" autocomplete="off" class="search-input ng-tns-c150-3 ng-untouched ng-pristine ng-valid" placeholder="Hae" tabindex="0" aria-label="Hae"> is not clickable at point (388, 100). Other element would receive the click: &lt;div class="coi-banner__summary">...&lt;/div>
                  (Session info: chrome=99.0.4844.51)</message>
                <stack-trace>ElementClickInterceptedError: element click intercepted: Element &lt;input _ngcontent-tyb-c150="" type="text" autocomplete="off" class="search-input ng-tns-c150-3 ng-untouched ng-pristine ng-valid" placeholder="Hae" tabindex="0" aria-label="Hae"> is not clickable at point (388, 100). Other element would receive the click: &lt;div class="coi-banner__summary">...&lt;/div>
                  (Session info: chrome=99.0.4844.51)
                    at Object.throwDecodedError (C:\Users\Asus\wedriverio-test\node_modules\selenium-webdriver\lib\error.js:522:15)
                    at parseHttpResponse (C:\Users\Asus\wedriverio-test\node_modules\selenium-webdriver\lib\http.js:548:13)
                    at Executor.execute (C:\Users\Asus\wedriverio-test\node_modules\selenium-webdriver\lib\http.js:474:28)
                    at processTicksAndRejections (node:internal/process/task_queues:96:5)
                    at async Driver.execute (C:\Users\Asus\wedriverio-test\node_modules\selenium-webdriver\lib\webdriver.js:735:17)
                    at async Context.&lt;anonymous> (C:\Users\Asus\wedriverio-test\test\specs\test2.spec.js:55:5)</stack-trace>
            </failure>
        </test-case>
        <test-case start='1647252744280' status='broken' stop='1647252752123'>
            <name>test-3</name>
            <title>test-3</title>
            <labels>
                <label name='language' value='javascript'/>
                <label name='framework' value='wdio'/>
                <label name='thread' value='0-0'/>
                <label name='language' value='javascript'/>
                <label name='framework' value='wdio'/>
                <label name='thread' value='0-0'/>
                <label name='language' value='javascript'/>
                <label name='framework' value='wdio'/>
                <label name='thread' value='0-0'/>
            </labels>
            <parameters>
                <parameter kind='argument' name='browser' value='chrome-99.0.4844.51'/>
                <parameter kind='argument' name='browser' value='chrome-99.0.4844.51'/>
                <parameter kind='argument' name='browser' value='chrome-99.0.4844.51'/>
            </parameters>
            <steps>
                <step start='1647252751929' status='passed' stop='1647252752061'>
                    <name>GET /session/:sessionId/screenshot</name>
                    <title>GET /session/:sessionId/screenshot</title>
                    <attachments>
                        <attachment title='Screenshot' source='a08c211d-13ce-4b3e-9a58-2745972763ed-attachment.png' type='image/png' size='6108'/>
                    </attachments>
                    <steps/>
                </step>
            </steps>
            <attachments/>
            <failure>
                <message>element click intercepted: Element &lt;input _ngcontent-nis-c150="" type="text" autocomplete="off" class="search-input ng-tns-c150-3 ng-untouched ng-pristine ng-valid" placeholder="Hae" tabindex="0" aria-label="Hae"> is not clickable at point (387, 100). Other element would receive the click: &lt;div class="coi-banner__summary">...&lt;/div>
                  (Session info: chrome=99.0.4844.51)</message>
                <stack-trace>ElementClickInterceptedError: element click intercepted: Element &lt;input _ngcontent-nis-c150="" type="text" autocomplete="off" class="search-input ng-tns-c150-3 ng-untouched ng-pristine ng-valid" placeholder="Hae" tabindex="0" aria-label="Hae"> is not clickable at point (387, 100). Other element would receive the click: &lt;div class="coi-banner__summary">...&lt;/div>
                  (Session info: chrome=99.0.4844.51)
                    at Object.throwDecodedError (C:\Users\Asus\wedriverio-test\node_modules\selenium-webdriver\lib\error.js:522:15)
                    at parseHttpResponse (C:\Users\Asus\wedriverio-test\node_modules\selenium-webdriver\lib\http.js:548:13)
                    at Executor.execute (C:\Users\Asus\wedriverio-test\node_modules\selenium-webdriver\lib\http.js:474:28)
                    at processTicksAndRejections (node:internal/process/task_queues:96:5)
                    at async Driver.execute (C:\Users\Asus\wedriverio-test\node_modules\selenium-webdriver\lib\webdriver.js:735:17)
                    at async Context.&lt;anonymous> (C:\Users\Asus\wedriverio-test\test\specs\test2.spec.js:63:5)</stack-trace>
            </failure>
        </test-case>
        <test-case start='1647252752123' status='broken' stop='1647252759320'>
            <name>test-4</name>
            <title>test-4</title>
            <labels>
                <label name='language' value='javascript'/>
                <label name='framework' value='wdio'/>
                <label name='thread' value='0-0'/>
                <label name='language' value='javascript'/>
                <label name='framework' value='wdio'/>
                <label name='thread' value='0-0'/>
                <label name='language' value='javascript'/>
                <label name='framework' value='wdio'/>
                <label name='thread' value='0-0'/>
            </labels>
            <parameters>
                <parameter kind='argument' name='browser' value='chrome-99.0.4844.51'/>
                <parameter kind='argument' name='browser' value='chrome-99.0.4844.51'/>
                <parameter kind='argument' name='browser' value='chrome-99.0.4844.51'/>
            </parameters>
            <steps>
                <step start='1647252759065' status='passed' stop='1647252759196'>
                    <name>GET /session/:sessionId/screenshot</name>
                    <title>GET /session/:sessionId/screenshot</title>
                    <attachments>
                        <attachment title='Screenshot' source='59a7de7e-e244-4451-b9d1-6e73297543ca-attachment.png' type='image/png' size='6108'/>
                    </attachments>
                    <steps/>
                </step>
            </steps>
            <attachments/>
            <failure>
                <message>no such element: Unable to locate element: {"method":"css selector","selector":".text-nowrap > font > font"}
                  (Session info: chrome=99.0.4844.51)</message>
                <stack-trace>NoSuchElementError: no such element: Unable to locate element: {"method":"css selector","selector":".text-nowrap > font > font"}
                  (Session info: chrome=99.0.4844.51)
                    at Object.throwDecodedError (C:\Users\Asus\wedriverio-test\node_modules\selenium-webdriver\lib\error.js:522:15)
                    at parseHttpResponse (C:\Users\Asus\wedriverio-test\node_modules\selenium-webdriver\lib\http.js:548:13)
                    at Executor.execute (C:\Users\Asus\wedriverio-test\node_modules\selenium-webdriver\lib\http.js:474:28)
                    at processTicksAndRejections (node:internal/process/task_queues:96:5)
                    at async Driver.execute (C:\Users\Asus\wedriverio-test\node_modules\selenium-webdriver\lib\webdriver.js:735:17)
                    at async Context.&lt;anonymous> (C:\Users\Asus\wedriverio-test\test\specs\test2.spec.js:89:23)</stack-trace>
            </failure>
        </test-case>
        <test-case start='1647252759321' status='broken' stop='1647252766735'>
            <name>test-5</name>
            <title>test-5</title>
            <labels>
                <label name='language' value='javascript'/>
                <label name='framework' value='wdio'/>
                <label name='thread' value='0-0'/>
                <label name='language' value='javascript'/>
                <label name='framework' value='wdio'/>
                <label name='thread' value='0-0'/>
                <label name='language' value='javascript'/>
                <label name='framework' value='wdio'/>
                <label name='thread' value='0-0'/>
            </labels>
            <parameters>
                <parameter kind='argument' name='browser' value='chrome-99.0.4844.51'/>
                <parameter kind='argument' name='browser' value='chrome-99.0.4844.51'/>
                <parameter kind='argument' name='browser' value='chrome-99.0.4844.51'/>
            </parameters>
            <steps>
                <step start='1647252766530' status='passed' stop='1647252766652'>
                    <name>GET /session/:sessionId/screenshot</name>
                    <title>GET /session/:sessionId/screenshot</title>
                    <attachments>
                        <attachment title='Screenshot' source='adf1d0e2-0b5b-418d-bcfa-d81c899b1448-attachment.png' type='image/png' size='6108'/>
                    </attachments>
                    <steps/>
                </step>
            </steps>
            <attachments/>
            <failure>
                <message>driver.actions(...).moveToElement is not a function</message>
                <stack-trace>TypeError: driver.actions(...).moveToElement is not a function
                    at Context.&lt;anonymous> (C:\Users\Asus\wedriverio-test\test\specs\test2.spec.js:107:46)
                    at processTicksAndRejections (node:internal/process/task_queues:96:5)</stack-trace>
            </failure>
        </test-case>
    </test-cases>
</ns2:test-suite>