<?xml version='1.0'?>
<ns2:test-suite xmlns:ns2='urn:model.allure.qatools.yandex.ru' start='1648139245153' stop='1648139496422'>
    <name>suite</name>
    <title>suite</title>
    <test-cases>
        <test-case start='1648139245154' status='broken' stop='1648139287845'>
            <name>test-1</name>
            <title>test-1</title>
            <labels>
                <label name='language' value='javascript'/>
                <label name='framework' value='wdio'/>
                <label name='thread' value='0-0'/>
                <label name='language' value='javascript'/>
                <label name='framework' value='wdio'/>
                <label name='thread' value='0-0'/>
                <label name='language' value='javascript'/>
                <label name='framework' value='wdio'/>
                <label name='thread' value='0-0'/>
            </labels>
            <parameters>
                <parameter kind='argument' name='browser' value='chrome-99.0.4844.82'/>
                <parameter kind='argument' name='browser' value='chrome-99.0.4844.82'/>
                <parameter kind='argument' name='browser' value='chrome-99.0.4844.82'/>
            </parameters>
            <steps/>
            <attachments/>
            <failure>
                <message>Timeout of 30000ms exceeded. The execution in the test "suite test-1" took too long. Try to reduce the run time or increase your timeout for test specs (https://webdriver.io/docs/timeouts). (C:\Users\Asus\wedriverio-test\test\specs\suite.spec.js)</message>
                <stack-trace>Error: Timeout of 30000ms exceeded. The execution in the test "suite test-1" took too long. Try to reduce the run time or increase your timeout for test specs (https://webdriver.io/docs/timeouts). (C:\Users\Asus\wedriverio-test\test\specs\suite.spec.js)
                    at createTimeoutError (C:\Users\Asus\wedriverio-test\node_modules\mocha\lib\errors.js:498:15)
                    at Test.Runnable._timeoutError (C:\Users\Asus\wedriverio-test\node_modules\mocha\lib\runnable.js:431:10)
                    at Timeout.&lt;anonymous> (C:\Users\Asus\wedriverio-test\node_modules\mocha\lib\runnable.js:246:24)
                    at listOnTimeout (node:internal/timers:559:17)
                    at processTimers (node:internal/timers:502:7)</stack-trace>
            </failure>
        </test-case>
        <test-case start='1648139287845' status='broken' stop='1648139336922'>
            <name>test-2</name>
            <title>test-2</title>
            <labels>
                <label name='language' value='javascript'/>
                <label name='framework' value='wdio'/>
                <label name='thread' value='0-0'/>
                <label name='language' value='javascript'/>
                <label name='framework' value='wdio'/>
                <label name='thread' value='0-0'/>
                <label name='language' value='javascript'/>
                <label name='framework' value='wdio'/>
                <label name='thread' value='0-0'/>
            </labels>
            <parameters>
                <parameter kind='argument' name='browser' value='chrome-99.0.4844.82'/>
                <parameter kind='argument' name='browser' value='chrome-99.0.4844.82'/>
                <parameter kind='argument' name='browser' value='chrome-99.0.4844.82'/>
            </parameters>
            <steps>
                <step start='1648139287907' status='passed' stop='1648139288388'>
                    <name>GET /session/:sessionId/screenshot</name>
                    <title>GET /session/:sessionId/screenshot</title>
                    <attachments>
                        <attachment title='Screenshot' source='46e22dfb-6657-49c8-9f1c-1d878073e503-attachment.png' type='image/png' size='6108'/>
                    </attachments>
                    <steps/>
                </step>
            </steps>
            <attachments/>
            <failure>
                <message>Timeout of 30000ms exceeded. The execution in the test "suite test-2" took too long. Try to reduce the run time or increase your timeout for test specs (https://webdriver.io/docs/timeouts). (C:\Users\Asus\wedriverio-test\test\specs\suite.spec.js)</message>
                <stack-trace>Error: Timeout of 30000ms exceeded. The execution in the test "suite test-2" took too long. Try to reduce the run time or increase your timeout for test specs (https://webdriver.io/docs/timeouts). (C:\Users\Asus\wedriverio-test\test\specs\suite.spec.js)
                    at createTimeoutError (C:\Users\Asus\wedriverio-test\node_modules\mocha\lib\errors.js:498:15)
                    at Test.Runnable._timeoutError (C:\Users\Asus\wedriverio-test\node_modules\mocha\lib\runnable.js:431:10)
                    at Timeout.&lt;anonymous> (C:\Users\Asus\wedriverio-test\node_modules\mocha\lib\runnable.js:246:24)
                    at listOnTimeout (node:internal/timers:559:17)
                    at processTimers (node:internal/timers:502:7)</stack-trace>
            </failure>
        </test-case>
        <test-case start='1648139336923' status='broken' stop='1648139375150'>
            <name>test-3</name>
            <title>test-3</title>
            <labels>
                <label name='language' value='javascript'/>
                <label name='framework' value='wdio'/>
                <label name='thread' value='0-0'/>
                <label name='language' value='javascript'/>
                <label name='framework' value='wdio'/>
                <label name='thread' value='0-0'/>
                <label name='language' value='javascript'/>
                <label name='framework' value='wdio'/>
                <label name='thread' value='0-0'/>
            </labels>
            <parameters>
                <parameter kind='argument' name='browser' value='chrome-99.0.4844.82'/>
                <parameter kind='argument' name='browser' value='chrome-99.0.4844.82'/>
                <parameter kind='argument' name='browser' value='chrome-99.0.4844.82'/>
            </parameters>
            <steps>
                <step start='1648139336999' status='passed' stop='1648139337177'>
                    <name>GET /session/:sessionId/screenshot</name>
                    <title>GET /session/:sessionId/screenshot</title>
                    <attachments>
                        <attachment title='Screenshot' source='33a66cda-6069-47bb-9b04-7da8c918bfdc-attachment.png' type='image/png' size='6108'/>
                    </attachments>
                    <steps/>
                </step>
            </steps>
            <attachments/>
            <failure>
                <message>Timeout of 30000ms exceeded. The execution in the test "suite test-3" took too long. Try to reduce the run time or increase your timeout for test specs (https://webdriver.io/docs/timeouts). (C:\Users\Asus\wedriverio-test\test\specs\suite.spec.js)</message>
                <stack-trace>Error: Timeout of 30000ms exceeded. The execution in the test "suite test-3" took too long. Try to reduce the run time or increase your timeout for test specs (https://webdriver.io/docs/timeouts). (C:\Users\Asus\wedriverio-test\test\specs\suite.spec.js)
                    at createTimeoutError (C:\Users\Asus\wedriverio-test\node_modules\mocha\lib\errors.js:498:15)
                    at Test.Runnable._timeoutError (C:\Users\Asus\wedriverio-test\node_modules\mocha\lib\runnable.js:431:10)
                    at Timeout.&lt;anonymous> (C:\Users\Asus\wedriverio-test\node_modules\mocha\lib\runnable.js:246:24)
                    at listOnTimeout (node:internal/timers:559:17)
                    at processTimers (node:internal/timers:502:7)</stack-trace>
            </failure>
        </test-case>
        <test-case start='1648139375150' status='broken' stop='1648139415998'>
            <name>test-4</name>
            <title>test-4</title>
            <labels>
                <label name='language' value='javascript'/>
                <label name='framework' value='wdio'/>
                <label name='thread' value='0-0'/>
                <label name='language' value='javascript'/>
                <label name='framework' value='wdio'/>
                <label name='thread' value='0-0'/>
                <label name='language' value='javascript'/>
                <label name='framework' value='wdio'/>
                <label name='thread' value='0-0'/>
            </labels>
            <parameters>
                <parameter kind='argument' name='browser' value='chrome-99.0.4844.82'/>
                <parameter kind='argument' name='browser' value='chrome-99.0.4844.82'/>
                <parameter kind='argument' name='browser' value='chrome-99.0.4844.82'/>
            </parameters>
            <steps>
                <step start='1648139375277' status='passed' stop='1648139375442'>
                    <name>GET /session/:sessionId/screenshot</name>
                    <title>GET /session/:sessionId/screenshot</title>
                    <attachments>
                        <attachment title='Screenshot' source='6ef6d835-2fc3-4c6e-956b-0bd2575f0b66-attachment.png' type='image/png' size='6108'/>
                    </attachments>
                    <steps/>
                </step>
            </steps>
            <attachments/>
            <failure>
                <message>Timeout of 30000ms exceeded. The execution in the test "suite test-4" took too long. Try to reduce the run time or increase your timeout for test specs (https://webdriver.io/docs/timeouts). (C:\Users\Asus\wedriverio-test\test\specs\suite.spec.js)</message>
                <stack-trace>Error: Timeout of 30000ms exceeded. The execution in the test "suite test-4" took too long. Try to reduce the run time or increase your timeout for test specs (https://webdriver.io/docs/timeouts). (C:\Users\Asus\wedriverio-test\test\specs\suite.spec.js)
                    at createTimeoutError (C:\Users\Asus\wedriverio-test\node_modules\mocha\lib\errors.js:498:15)
                    at Test.Runnable._timeoutError (C:\Users\Asus\wedriverio-test\node_modules\mocha\lib\runnable.js:431:10)
                    at Timeout.&lt;anonymous> (C:\Users\Asus\wedriverio-test\node_modules\mocha\lib\runnable.js:246:24)
                    at listOnTimeout (node:internal/timers:559:17)
                    at processTimers (node:internal/timers:502:7)</stack-trace>
            </failure>
        </test-case>
        <test-case start='1648139415998' status='broken' stop='1648139464248'>
            <name>test-5</name>
            <title>test-5</title>
            <labels>
                <label name='language' value='javascript'/>
                <label name='framework' value='wdio'/>
                <label name='thread' value='0-0'/>
                <label name='language' value='javascript'/>
                <label name='framework' value='wdio'/>
                <label name='thread' value='0-0'/>
                <label name='language' value='javascript'/>
                <label name='framework' value='wdio'/>
                <label name='thread' value='0-0'/>
            </labels>
            <parameters>
                <parameter kind='argument' name='browser' value='chrome-99.0.4844.82'/>
                <parameter kind='argument' name='browser' value='chrome-99.0.4844.82'/>
                <parameter kind='argument' name='browser' value='chrome-99.0.4844.82'/>
            </parameters>
            <steps>
                <step start='1648139416074' status='passed' stop='1648139416199'>
                    <name>GET /session/:sessionId/screenshot</name>
                    <title>GET /session/:sessionId/screenshot</title>
                    <attachments>
                        <attachment title='Screenshot' source='d84c67ee-b382-452b-a9db-6c0aa1f4f044-attachment.png' type='image/png' size='6108'/>
                    </attachments>
                    <steps/>
                </step>
            </steps>
            <attachments/>
            <failure>
                <message>Timeout of 30000ms exceeded. The execution in the test "suite test-5" took too long. Try to reduce the run time or increase your timeout for test specs (https://webdriver.io/docs/timeouts). (C:\Users\Asus\wedriverio-test\test\specs\suite.spec.js)</message>
                <stack-trace>Error: Timeout of 30000ms exceeded. The execution in the test "suite test-5" took too long. Try to reduce the run time or increase your timeout for test specs (https://webdriver.io/docs/timeouts). (C:\Users\Asus\wedriverio-test\test\specs\suite.spec.js)
                    at createTimeoutError (C:\Users\Asus\wedriverio-test\node_modules\mocha\lib\errors.js:498:15)
                    at Test.Runnable._timeoutError (C:\Users\Asus\wedriverio-test\node_modules\mocha\lib\runnable.js:431:10)
                    at Timeout.&lt;anonymous> (C:\Users\Asus\wedriverio-test\node_modules\mocha\lib\runnable.js:246:24)
                    at listOnTimeout (node:internal/timers:559:17)
                    at processTimers (node:internal/timers:502:7)</stack-trace>
            </failure>
        </test-case>
        <test-case start='1648139464248' status='broken' stop='1648139496419'>
            <name>test-6</name>
            <title>test-6</title>
            <labels>
                <label name='language' value='javascript'/>
                <label name='framework' value='wdio'/>
                <label name='thread' value='0-0'/>
                <label name='language' value='javascript'/>
                <label name='framework' value='wdio'/>
                <label name='thread' value='0-0'/>
                <label name='language' value='javascript'/>
                <label name='framework' value='wdio'/>
                <label name='thread' value='0-0'/>
            </labels>
            <parameters>
                <parameter kind='argument' name='browser' value='chrome-99.0.4844.82'/>
                <parameter kind='argument' name='browser' value='chrome-99.0.4844.82'/>
                <parameter kind='argument' name='browser' value='chrome-99.0.4844.82'/>
            </parameters>
            <steps>
                <step start='1648139464329' status='passed' stop='1648139464459'>
                    <name>GET /session/:sessionId/screenshot</name>
                    <title>GET /session/:sessionId/screenshot</title>
                    <attachments>
                        <attachment title='Screenshot' source='03bf76b8-1e83-414f-a8ec-d48e39a21557-attachment.png' type='image/png' size='6108'/>
                    </attachments>
                    <steps/>
                </step>
                <step start='1648139496358' status='undefined'>
                    <name>GET /session/:sessionId/screenshot</name>
                    <title>GET /session/:sessionId/screenshot</title>
                    <attachments/>
                    <steps/>
                </step>
            </steps>
            <attachments/>
            <failure>
                <message>Timeout of 30000ms exceeded. The execution in the test "suite test-6" took too long. Try to reduce the run time or increase your timeout for test specs (https://webdriver.io/docs/timeouts). (C:\Users\Asus\wedriverio-test\test\specs\suite.spec.js)</message>
                <stack-trace>Error: Timeout of 30000ms exceeded. The execution in the test "suite test-6" took too long. Try to reduce the run time or increase your timeout for test specs (https://webdriver.io/docs/timeouts). (C:\Users\Asus\wedriverio-test\test\specs\suite.spec.js)
                    at createTimeoutError (C:\Users\Asus\wedriverio-test\node_modules\mocha\lib\errors.js:498:15)
                    at Test.Runnable._timeoutError (C:\Users\Asus\wedriverio-test\node_modules\mocha\lib\runnable.js:431:10)
                    at Timeout.&lt;anonymous> (C:\Users\Asus\wedriverio-test\node_modules\mocha\lib\runnable.js:246:24)
                    at listOnTimeout (node:internal/timers:559:17)
                    at processTimers (node:internal/timers:502:7)</stack-trace>
            </failure>
        </test-case>
    </test-cases>
</ns2:test-suite>